<?xml version="1.0" encoding="UTF-8"?>
<testng-results skipped="0" failed="0" total="1" passed="1">
  <reporter-output>
  </reporter-output>
  <suite name="Default suite" duration-ms="8825" started-at="2019-12-19T04:04:02Z" finished-at="2019-12-19T04:04:11Z">
    <groups>
    </groups>
    <test name="Default test" duration-ms="8825" started-at="2019-12-19T04:04:02Z" finished-at="2019-12-19T04:04:11Z">
      <class name="com.testngpackage.DropdownMultipleSelection">
        <test-method status="PASS" signature="initilize()[pri:0, instance:com.testngpackage.DropdownMultipleSelection@28864e92]" name="initilize" is-config="true" duration-ms="4742" started-at="2019-12-19T09:34:02Z" finished-at="2019-12-19T09:34:07Z">
          <reporter-output>
          </reporter-output>
        </test-method> <!-- initilize -->
        <test-method status="PASS" signature="dropdowmultiple()[pri:0, instance:com.testngpackage.DropdownMultipleSelection@28864e92]" name="dropdowmultiple" duration-ms="4068" started-at="2019-12-19T09:34:07Z" finished-at="2019-12-19T09:34:11Z">
          <reporter-output>
          </reporter-output>
        </test-method> <!-- dropdowmultiple -->
      </class> <!-- com.testngpackage.DropdownMultipleSelection -->
    </test> <!-- Default test -->
  </suite> <!-- Default suite -->
</testng-results>
